Opened log file "l10n-export.log" on Fri Feb 21 12:37:27 2020
Creating the export destination "target.zip"
Usage: l10n-util.py action [options]

where action is one of:

   - "exec" execute a  command line wrt a language set
   - "expand" expand command line arguments wrt a language set
   - "export" to export source English translatable files
   - "help" print help information on commands and errors
   - "import" to import translated files
   - "lock" to lock source English translatable files (deprecated)
   - "mkl10n" generate a .l10n file from a simple file list
   - "query" to list various file sets
   - "rexport" to reverse export translations back to vendors
   - "update" to update selected translation file (bugfixes)
   - "verify" to verify the contents of a localization definition file
   - "mkws" create a workspace for exporting, importing, etc.
   - "delws" delete a workspace
   - "wsinfo" print information on the workspace state
   - "version" print "l10n-util" command version information

See https://wiki.eng.vmware.com/Build/L10NSupport for additional
information on this command and it's options.


Options:
  -h, --help            show this help message and exit
  -q, --quiet           Reduce the amount of generated status output
  -V, --verbose         Increase the amount of generated status output
  -p PRODUCT, --product=PRODUCT
                        Product definition for workspace creation
  -f DEFFILE, --deffile=DEFFILE
                        Path to the localization definition control file
  -d DIRECTORY, --directory=DIRECTORY
                        Root directory for the source tree
  -l LANGUAGES, --languages=LANGUAGES
                        Comma separated list of languages
  -o OUTPUT, --output=OUTPUT
                        Path to the export output file
  -D DROP_NAME, --drop=DROP_NAME
                        Translation drop name, e.g., drop1
  -v VENDORDIR, --vendordir=VENDORDIR
                        Path to the vendor return directory
  -A ATTRIBUTE, --attribute=ATTRIBUTE
                        Print an attribute for a file
  -R RELEASE, --release=RELEASE
                        Release name, e.g., vsphere-5.5.0
  -F FILELIST, --filelist=FILELIST
                        Raw file list for the mkl10n command
  -H HEADERFILE, --header=HEADERFILE
                        Path to contents included in generated .l10n file
  -r, --relaxed         Relaxed import mode
  -s, --sources         List the source files
  -i, --imports         List the translation import files
  -t, --translations    List the translation files
  -m, --missing         List the missing files
  -W, --worldserver     Export and import WorldServer style drops
  -T TLD, --tld-worldserver=TLD
                        Top level localized directory for World Server imports
                        (default %T)
  -n, --noop            Print Perforce command rather than executing them
  -c LANGCTL, --langctl=LANGCTL
                        Path to the languages.def file
  -b BASELANG, --baselang=BASELANG
                        Base (source) language for message files
  -P PREVIOUS_DROP, --previous=PREVIOUS_DROP
                        Define the location of the previous drop for delta
                        export
  -E, --exists          The expand command only lists files that exist
  --remove              The 'delws' command should also delete workspace
                        directory
  --mapping=MAPPING     Name of the update mapping file
  --nomapping           Do not generate the update mapping file
  --renamings=RENAMINGS
                        Renaming rules for the mkl10n command
  --debug               Increase the amount of generated status output
  -L LOGFILE, --logfile=LOGFILE
                        Define an output log file name
  -u USER, --user=USER  Define the user to own the workspace
  -J, --json-output     Enable JSON formatted output messages
  -U, --unicode         Enable unicode output for l10n messages

  Deprecated Options:
    Usage of these options is no longer needed or recommended

    -N, --nofollow      Do not follow components
    -a, --all           Lock or unlock all files
    -X LOCKER, --locker=LOCKER
                        login/password for the locking user
[l10n-00022]: Error, unknown language(s) "cn"
